2017-04-15 03:02:39.292+0000 WARN  [o.n.i.p.PageCache] The dbms.memory.pagecache.size setting has not been configured. It is recommended that this setting is always explicitly configured, to ensure the system has a balanced configuration. Until then, a computed heuristic value of 3300954112 bytes will be used instead. 
2017-04-15 03:02:39.391+0000 INFO  [o.n.k.i.f.CommunityEditionModule] No locking implementation specified, defaulting to 'community'
2017-04-15 03:02:39.565+0000 INFO  [o.n.k.AvailabilityGuard] Requirement makes database unavailable: Database available
2017-04-15 03:02:39.598+0000 INFO  [o.n.k.i.DiagnosticsManager] --- INITIALIZED diagnostics START ---
2017-04-15 03:02:39.598+0000 INFO  [o.n.k.i.DiagnosticsManager] Neo4j Kernel properties:
2017-04-15 03:02:39.599+0000 INFO  [o.n.k.i.DiagnosticsManager] dbms.connector.0.address=192.168.100.129:7687
2017-04-15 03:02:39.599+0000 INFO  [o.n.k.i.DiagnosticsManager] unsupported.dbms.directories.neo4j_home=C:\Users\Alexey`\workspace\enot\target\neo4j-store-with-new-indexing
2017-04-15 03:02:39.599+0000 INFO  [o.n.k.i.DiagnosticsManager] unsupported.dbms.ephemeral=false
2017-04-15 03:02:39.599+0000 INFO  [o.n.k.i.DiagnosticsManager] unsupported.dbms.edition=community
2017-04-15 03:02:39.599+0000 INFO  [o.n.k.i.DiagnosticsManager] dbms.connector.0.type=BOLT
2017-04-15 03:02:39.599+0000 INFO  [o.n.k.i.DiagnosticsManager] dbms.connector.0.enabled=true
2017-04-15 03:02:39.599+0000 INFO  [o.n.k.i.DiagnosticsManager] Diagnostics providers:
2017-04-15 03:02:39.599+0000 INFO  [o.n.k.i.DiagnosticsManager] org.neo4j.kernel.configuration.Config
2017-04-15 03:02:39.599+0000 INFO  [o.n.k.i.DiagnosticsManager] org.neo4j.kernel.info.DiagnosticsManager
2017-04-15 03:02:39.599+0000 INFO  [o.n.k.i.DiagnosticsManager] SYSTEM_MEMORY
2017-04-15 03:02:39.600+0000 INFO  [o.n.k.i.DiagnosticsManager] JAVA_MEMORY
2017-04-15 03:02:39.600+0000 INFO  [o.n.k.i.DiagnosticsManager] OPERATING_SYSTEM
2017-04-15 03:02:39.600+0000 INFO  [o.n.k.i.DiagnosticsManager] JAVA_VIRTUAL_MACHINE
2017-04-15 03:02:39.600+0000 INFO  [o.n.k.i.DiagnosticsManager] CLASSPATH
2017-04-15 03:02:39.600+0000 INFO  [o.n.k.i.DiagnosticsManager] LIBRARY_PATH
2017-04-15 03:02:39.600+0000 INFO  [o.n.k.i.DiagnosticsManager] SYSTEM_PROPERTIES
2017-04-15 03:02:39.600+0000 INFO  [o.n.k.i.DiagnosticsManager] NETWORK
2017-04-15 03:02:39.600+0000 INFO  [o.n.k.i.DiagnosticsManager] System memory information:
2017-04-15 03:02:39.602+0000 INFO  [o.n.k.i.DiagnosticsManager] Total Physical memory: 7.91 GB
2017-04-15 03:02:39.602+0000 INFO  [o.n.k.i.DiagnosticsManager] Free Physical memory: 3.81 GB
2017-04-15 03:02:39.603+0000 INFO  [o.n.k.i.DiagnosticsManager] Committed virtual memory: 282.77 MB
2017-04-15 03:02:39.603+0000 INFO  [o.n.k.i.DiagnosticsManager] Total swap space: 9.16 GB
2017-04-15 03:02:39.603+0000 INFO  [o.n.k.i.DiagnosticsManager] Free swap space: 2.94 GB
2017-04-15 03:02:39.603+0000 INFO  [o.n.k.i.DiagnosticsManager] JVM memory information:
2017-04-15 03:02:39.603+0000 INFO  [o.n.k.i.DiagnosticsManager] Free  memory: 87.13 MB
2017-04-15 03:02:39.603+0000 INFO  [o.n.k.i.DiagnosticsManager] Total memory: 123.00 MB
2017-04-15 03:02:39.604+0000 INFO  [o.n.k.i.DiagnosticsManager] Max   memory: 1.76 GB
2017-04-15 03:02:39.606+0000 INFO  [o.n.k.i.DiagnosticsManager] Garbage Collector: PS Scavenge: [PS Eden Space, PS Survivor Space]
2017-04-15 03:02:39.606+0000 INFO  [o.n.k.i.DiagnosticsManager] Garbage Collector: PS MarkSweep: [PS Eden Space, PS Survivor Space, PS Old Gen]
2017-04-15 03:02:39.607+0000 INFO  [o.n.k.i.DiagnosticsManager] Memory Pool: Code Cache (Non-heap memory): committed=3.69 MB, used=3.62 MB, max=240.00 MB, threshold=0.00 B
2017-04-15 03:02:39.607+0000 INFO  [o.n.k.i.DiagnosticsManager] Memory Pool: Metaspace (Non-heap memory): committed=10.25 MB, used=9.68 MB, max=-1.00 B, threshold=0.00 B
2017-04-15 03:02:39.608+0000 INFO  [o.n.k.i.DiagnosticsManager] Memory Pool: Compressed Class Space (Non-heap memory): committed=1.50 MB, used=1.28 MB, max=1.00 GB, threshold=0.00 B
2017-04-15 03:02:39.608+0000 INFO  [o.n.k.i.DiagnosticsManager] Memory Pool: PS Eden Space (Heap memory): committed=32.50 MB, used=16.42 MB, max=665.00 MB, threshold=?
2017-04-15 03:02:39.608+0000 INFO  [o.n.k.i.DiagnosticsManager] Memory Pool: PS Survivor Space (Heap memory): committed=5.00 MB, used=4.97 MB, max=5.00 MB, threshold=?
2017-04-15 03:02:39.609+0000 INFO  [o.n.k.i.DiagnosticsManager] Memory Pool: PS Old Gen (Heap memory): committed=85.50 MB, used=14.47 MB, max=1.32 GB, threshold=0.00 B
2017-04-15 03:02:39.609+0000 INFO  [o.n.k.i.DiagnosticsManager] Operating system information:
2017-04-15 03:02:39.609+0000 INFO  [o.n.k.i.DiagnosticsManager] Operating System: Windows 10; version: 10.0; arch: amd64; cpus: 4
2017-04-15 03:02:39.619+0000 INFO  [o.n.k.i.DiagnosticsManager] Process id: 1600@Alexey
2017-04-15 03:02:39.619+0000 INFO  [o.n.k.i.DiagnosticsManager] Byte order: LITTLE_ENDIAN
2017-04-15 03:02:39.619+0000 INFO  [o.n.k.i.DiagnosticsManager] Local timezone: America/Chicago
2017-04-15 03:02:39.620+0000 INFO  [o.n.k.i.DiagnosticsManager] JVM information:
2017-04-15 03:02:39.620+0000 INFO  [o.n.k.i.DiagnosticsManager] VM Name: Java HotSpot(TM) 64-Bit Server VM
2017-04-15 03:02:39.620+0000 INFO  [o.n.k.i.DiagnosticsManager] VM Vendor: Oracle Corporation
2017-04-15 03:02:39.620+0000 INFO  [o.n.k.i.DiagnosticsManager] VM Version: 25.101-b13
2017-04-15 03:02:39.620+0000 INFO  [o.n.k.i.DiagnosticsManager] JIT compiler: HotSpot 64-Bit Tiered Compilers
2017-04-15 03:02:39.620+0000 INFO  [o.n.k.i.DiagnosticsManager] VM Arguments: [-Dfile.encoding=Cp1251]
2017-04-15 03:02:39.620+0000 INFO  [o.n.k.i.DiagnosticsManager] Java classpath:
2017-04-15 03:02:39.635+0000 INFO  [o.n.k.i.DiagnosticsManager]  [loader.0] file:/C:/Users/Alexey%60/.m2/repository/org/neo4j/neo4j-resource/3.1.3/neo4j-resource-3.1.3.jar
2017-04-15 03:02:39.635+0000 INFO  [o.n.k.i.DiagnosticsManager]  [classpath] C:\Users\Alexey`\.m2\repository\org\neo4j\neo4j-jmx\3.1.3\neo4j-jmx-3.1.3.jar
2017-04-15 03:02:39.635+0000 INFO  [o.n.k.i.DiagnosticsManager]  [classpath] C:\Users\Alexey`\.m2\repository\org\neo4j\neo4j-codegen\3.1.3\neo4j-codegen-3.1.3.jar
2017-04-15 03:02:39.635+0000 INFO  [o.n.k.i.DiagnosticsManager]  [loader.1] file:/C:/Program%20Files/Java/jre1.8.0_101/lib/ext/jaccess.jar
2017-04-15 03:02:39.635+0000 INFO  [o.n.k.i.DiagnosticsManager]  [classpath] C:\Users\Alexey`\.m2\repository\net\sf\opencsv\opencsv\2.3\opencsv-2.3.jar
2017-04-15 03:02:39.635+0000 INFO  [o.n.k.i.DiagnosticsManager]  [classpath] C:\Users\Alexey`\.m2\repository\commons-codec\commons-codec\1.9\commons-codec-1.9.jar
2017-04-15 03:02:39.635+0000 INFO  [o.n.k.i.DiagnosticsManager]  [classpath] C:\Users\Alexey`\.m2\repository\commons-logging\commons-logging\1.2\commons-logging-1.2.jar
2017-04-15 03:02:39.635+0000 INFO  [o.n.k.i.DiagnosticsManager]  [classpath] C:\Users\Alexey`\.m2\repository\org\neo4j\neo4j-lucene-upgrade\3.1.3\neo4j-lucene-upgrade-3.1.3.jar
2017-04-15 03:02:39.635+0000 INFO  [o.n.k.i.DiagnosticsManager]  [loader.0] file:/C:/Users/Alexey%60/.m2/repository/org/telegram/telegrambots-meta/2.4.4/telegrambots-meta-2.4.4.jar
2017-04-15 03:02:39.635+0000 INFO  [o.n.k.i.DiagnosticsManager]  [loader.0] file:/C:/Users/Alexey%60/.m2/repository/org/glassfish/hk2/hk2-locator/2.5.0-b05/hk2-locator-2.5.0-b05.jar
2017-04-15 03:02:39.635+0000 INFO  [o.n.k.i.DiagnosticsManager]  [loader.1] file:/C:/Program%20Files/Java/jre1.8.0_101/lib/ext/localedata.jar
2017-04-15 03:02:39.635+0000 INFO  [o.n.k.i.DiagnosticsManager]  [loader.0] file:/C:/Users/Alexey%60/.m2/repository/org/apache/lucene/lucene-core/5.5.0/lucene-core-5.5.0.jar
2017-04-15 03:02:39.635+0000 INFO  [o.n.k.i.DiagnosticsManager]  [classpath] C:\Users\Alexey`\.m2\repository\org\apache\httpcomponents\httpclient\4.5.2\httpclient-4.5.2.jar
2017-04-15 03:02:39.635+0000 INFO  [o.n.k.i.DiagnosticsManager]  [loader.0] file:/C:/Users/Alexey%60/workspace/enot/target/classes/
2017-04-15 03:02:39.635+0000 INFO  [o.n.k.i.DiagnosticsManager]  [classpath] C:\Users\Alexey`\.m2\repository\org\apache\lucene\lucene-backward-codecs\5.5.0\lucene-backward-codecs-5.5.0.jar
2017-04-15 03:02:39.635+0000 INFO  [o.n.k.i.DiagnosticsManager]  [bootstrap] C:\Program Files\Java\jre1.8.0_101\lib\jce.jar
2017-04-15 03:02:39.635+0000 INFO  [o.n.k.i.DiagnosticsManager]  [classpath] C:\Users\Alexey`\.m2\repository\org\glassfish\grizzly\grizzly-http-server\2.3.23\grizzly-http-server-2.3.23.jar
2017-04-15 03:02:39.636+0000 INFO  [o.n.k.i.DiagnosticsManager]  [loader.1] file:/C:/Program%20Files/Java/jre1.8.0_101/lib/ext/jfxrt.jar
2017-04-15 03:02:39.636+0000 INFO  [o.n.k.i.DiagnosticsManager]  [classpath] C:\Users\Alexey`\.m2\repository\javax\annotation\javax.annotation-api\1.2\javax.annotation-api-1.2.jar
2017-04-15 03:02:39.637+0000 INFO  [o.n.k.i.DiagnosticsManager]  [loader.0] file:/C:/Users/Alexey%60/.m2/repository/org/neo4j/neo4j-cypher-frontend-3.0/3.0.8/neo4j-cypher-frontend-3.0-3.0.8.jar
2017-04-15 03:02:39.637+0000 INFO  [o.n.k.i.DiagnosticsManager]  [classpath] C:\Users\Alexey`\.m2\repository\com\fasterxml\jackson\core\jackson-databind\2.8.5\jackson-databind-2.8.5.jar
2017-04-15 03:02:39.637+0000 INFO  [o.n.k.i.DiagnosticsManager]  [bootstrap] C:\Program Files\Java\jre1.8.0_101\lib\sunrsasign.jar
2017-04-15 03:02:39.637+0000 INFO  [o.n.k.i.DiagnosticsManager]  [loader.0] file:/C:/Users/Alexey%60/.m2/repository/org/neo4j/neo4j-csv/3.1.3/neo4j-csv-3.1.3.jar
2017-04-15 03:02:39.637+0000 INFO  [o.n.k.i.DiagnosticsManager]  [classpath] C:\Users\Alexey`\.m2\repository\org\glassfish\jersey\ext\jersey-entity-filtering\2.24\jersey-entity-filtering-2.24.jar
2017-04-15 03:02:39.637+0000 INFO  [o.n.k.i.DiagnosticsManager]  [classpath] C:\Users\Alexey`\.m2\repository\org\neo4j\neo4j-lucene-index\3.1.3\neo4j-lucene-index-3.1.3.jar
2017-04-15 03:02:39.637+0000 INFO  [o.n.k.i.DiagnosticsManager]  [classpath] C:\Users\Alexey`\.m2\repository\org\apache\commons\commons-compress\1.12\commons-compress-1.12.jar
2017-04-15 03:02:39.637+0000 INFO  [o.n.k.i.DiagnosticsManager]  [loader.0] file:/C:/Users/Alexey%60/.m2/repository/org/apache/commons/commons-lang3/3.3.2/commons-lang3-3.3.2.jar
2017-04-15 03:02:39.637+0000 INFO  [o.n.k.i.DiagnosticsManager]  [loader.0] file:/C:/Users/Alexey%60/.m2/repository/org/scala-lang/scala-reflect/2.11.8/scala-reflect-2.11.8.jar
2017-04-15 03:02:39.637+0000 INFO  [o.n.k.i.DiagnosticsManager]  [loader.0] file:/C:/Users/Alexey%60/.m2/repository/org/neo4j/neo4j-graph-matching/3.1.3/neo4j-graph-matching-3.1.3.jar
2017-04-15 03:02:39.637+0000 INFO  [o.n.k.i.DiagnosticsManager]  [loader.0] file:/C:/Users/Alexey%60/.m2/repository/org/neo4j/neo4j/3.1.3/neo4j-3.1.3.jar
2017-04-15 03:02:39.637+0000 INFO  [o.n.k.i.DiagnosticsManager]  [loader.0] file:/C:/Users/Alexey%60/.m2/repository/org/apache/lucene/lucene-backward-codecs/5.5.0/lucene-backward-codecs-5.5.0.jar
2017-04-15 03:02:39.637+0000 INFO  [o.n.k.i.DiagnosticsManager]  [classpath] C:\Users\Alexey`\.m2\repository\org\json\json\20160810\json-20160810.jar
2017-04-15 03:02:39.637+0000 INFO  [o.n.k.i.DiagnosticsManager]  [classpath] C:\Users\Alexey`\.m2\repository\org\glassfish\jersey\media\jersey-media-json-jackson\2.24\jersey-media-json-jackson-2.24.jar
2017-04-15 03:02:39.637+0000 INFO  [o.n.k.i.DiagnosticsManager]  [loader.0] file:/C:/Users/Alexey%60/.m2/repository/org/neo4j/neo4j-cypher-compiler-3.1/3.1.3/neo4j-cypher-compiler-3.1-3.1.3.jar
2017-04-15 03:02:39.637+0000 INFO  [o.n.k.i.DiagnosticsManager]  [loader.0] file:/C:/Users/Alexey%60/.m2/repository/org/neo4j/neo4j-kernel/3.1.3/neo4j-kernel-3.1.3.jar
2017-04-15 03:02:39.637+0000 INFO  [o.n.k.i.DiagnosticsManager]  [loader.0] file:/C:/Users/Alexey%60/.m2/repository/org/apache/commons/commons-compress/1.12/commons-compress-1.12.jar
2017-04-15 03:02:39.637+0000 INFO  [o.n.k.i.DiagnosticsManager]  [classpath] C:\Users\Alexey`\.m2\repository\org\parboiled\parboiled-core\1.1.7\parboiled-core-1.1.7.jar
2017-04-15 03:02:39.637+0000 INFO  [o.n.k.i.DiagnosticsManager]  [classpath] C:\Users\Alexey`\.m2\repository\org\glassfish\hk2\external\aopalliance-repackaged\2.5.0-b05\aopalliance-repackaged-2.5.0-b05.jar
2017-04-15 03:02:39.637+0000 INFO  [o.n.k.i.DiagnosticsManager]  [loader.0] file:/C:/Users/Alexey%60/.m2/repository/javax/validation/validation-api/1.1.0.Final/validation-api-1.1.0.Final.jar
2017-04-15 03:02:39.637+0000 INFO  [o.n.k.i.DiagnosticsManager]  [classpath] C:\Users\Alexey`\.m2\repository\org\parboiled\parboiled-scala_2.11\1.1.7\parboiled-scala_2.11-1.1.7.jar
2017-04-15 03:02:39.637+0000 INFO  [o.n.k.i.DiagnosticsManager]  [loader.0] file:/C:/Users/Alexey%60/.m2/repository/commons-io/commons-io/2.5/commons-io-2.5.jar
2017-04-15 03:02:39.637+0000 INFO  [o.n.k.i.DiagnosticsManager]  [classpath] C:\Users\Alexey`\.m2\repository\org\neo4j\neo4j-common\3.1.3\neo4j-common-3.1.3.jar
2017-04-15 03:02:39.637+0000 INFO  [o.n.k.i.DiagnosticsManager]  [loader.0] file:/C:/Users/Alexey%60/.m2/repository/org/scala-lang/scala-library/2.11.8/scala-library-2.11.8.jar
2017-04-15 03:02:39.638+0000 INFO  [o.n.k.i.DiagnosticsManager]  [classpath] C:\Users\Alexey`\.m2\repository\org\apache\httpcomponents\httpcore\4.4.4\httpcore-4.4.4.jar
2017-04-15 03:02:39.638+0000 INFO  [o.n.k.i.DiagnosticsManager]  [loader.0] file:/C:/Users/Alexey%60/.m2/repository/org/neo4j/neo4j-lucene-index/3.1.3/neo4j-lucene-index-3.1.3.jar
2017-04-15 03:02:39.638+0000 INFO  [o.n.k.i.DiagnosticsManager]  [loader.0] file:/C:/Users/Alexey%60/.m2/repository/org/apache/httpcomponents/httpcore/4.4.4/httpcore-4.4.4.jar
2017-04-15 03:02:39.638+0000 INFO  [o.n.k.i.DiagnosticsManager]  [bootstrap] C:\Program Files\Java\jre1.8.0_101\classes
2017-04-15 03:02:39.638+0000 INFO  [o.n.k.i.DiagnosticsManager]  [bootstrap] C:\Program Files\Java\jre1.8.0_101\lib\resources.jar
2017-04-15 03:02:39.638+0000 INFO  [o.n.k.i.DiagnosticsManager]  [loader.0] file:/C:/Users/Alexey%60/.m2/repository/org/neo4j/neo4j-graphdb-api/3.1.3/neo4j-graphdb-api-3.1.3.jar
2017-04-15 03:02:39.638+0000 INFO  [o.n.k.i.DiagnosticsManager]  [classpath] C:\Users\Alexey`\.m2\repository\org\glassfish\jersey\bundles\repackaged\jersey-guava\2.24\jersey-guava-2.24.jar
2017-04-15 03:02:39.638+0000 INFO  [o.n.k.i.DiagnosticsManager]  [loader.1] file:/C:/Program%20Files/Java/jre1.8.0_101/lib/ext/sunmscapi.jar
2017-04-15 03:02:39.638+0000 INFO  [o.n.k.i.DiagnosticsManager]  [loader.0] file:/C:/Users/Alexey%60/.m2/repository/org/neo4j/neo4j-dbms/3.1.3/neo4j-dbms-3.1.3.jar
2017-04-15 03:02:39.638+0000 INFO  [o.n.k.i.DiagnosticsManager]  [classpath] C:\Users\Alexey`\.m2\repository\com\fasterxml\jackson\jaxrs\jackson-jaxrs-json-provider\2.5.4\jackson-jaxrs-json-provider-2.5.4.jar
2017-04-15 03:02:39.638+0000 INFO  [o.n.k.i.DiagnosticsManager]  [classpath] C:\Users\Alexey`\.m2\repository\com\googlecode\concurrentlinkedhashmap\concurrentlinkedhashmap-lru\1.4.2\concurrentlinkedhashmap-lru-1.4.2.jar
2017-04-15 03:02:39.638+0000 INFO  [o.n.k.i.DiagnosticsManager]  [bootstrap] C:\Program Files\Java\jre1.8.0_101\lib\charsets.jar
2017-04-15 03:02:39.638+0000 INFO  [o.n.k.i.DiagnosticsManager]  [classpath] C:\Users\Alexey`\.m2\repository\org\neo4j\neo4j-csv\3.1.3\neo4j-csv-3.1.3.jar
2017-04-15 03:02:39.638+0000 INFO  [o.n.k.i.DiagnosticsManager]  [loader.0] file:/C:/Users/Alexey%60/.m2/repository/com/fasterxml/jackson/core/jackson-databind/2.8.5/jackson-databind-2.8.5.jar
2017-04-15 03:02:39.638+0000 INFO  [o.n.k.i.DiagnosticsManager]  [loader.0] file:/C:/Users/Alexey%60/.m2/repository/org/glassfish/hk2/hk2-api/2.5.0-b05/hk2-api-2.5.0-b05.jar
2017-04-15 03:02:39.638+0000 INFO  [o.n.k.i.DiagnosticsManager]  [classpath] C:\Users\Alexey`\.m2\repository\org\glassfish\jersey\core\jersey-common\2.24\jersey-common-2.24.jar
2017-04-15 03:02:39.638+0000 INFO  [o.n.k.i.DiagnosticsManager]  [classpath] C:\Users\Alexey`\.m2\repository\org\neo4j\neo4j-collections\3.1.3\neo4j-collections-3.1.3.jar
2017-04-15 03:02:39.638+0000 INFO  [o.n.k.i.DiagnosticsManager]  [classpath] C:\Users\Alexey`\.m2\repository\org\neo4j\neo4j-dbms\3.1.3\neo4j-dbms-3.1.3.jar
2017-04-15 03:02:39.638+0000 INFO  [o.n.k.i.DiagnosticsManager]  [classpath] C:\Users\Alexey`\.m2\repository\com\google\inject\guice\4.1.0\guice-4.1.0.jar
2017-04-15 03:02:39.638+0000 INFO  [o.n.k.i.DiagnosticsManager]  [loader.0] file:/C:/Users/Alexey%60/.m2/repository/com/fasterxml/jackson/core/jackson-core/2.8.5/jackson-core-2.8.5.jar
2017-04-15 03:02:39.638+0000 INFO  [o.n.k.i.DiagnosticsManager]  [loader.1] file:/C:/Program%20Files/Java/jre1.8.0_101/lib/ext/dnsns.jar
2017-04-15 03:02:39.638+0000 INFO  [o.n.k.i.DiagnosticsManager]  [loader.0] file:/C:/Users/Alexey%60/.m2/repository/org/neo4j/neo4j-cypher-compiler-2.3/2.3.9/neo4j-cypher-compiler-2.3-2.3.9.jar
2017-04-15 03:02:39.638+0000 INFO  [o.n.k.i.DiagnosticsManager]  [classpath] C:\Users\Alexey`\.m2\repository\org\apache\commons\commons-lang3\3.3.2\commons-lang3-3.3.2.jar
2017-04-15 03:02:39.638+0000 INFO  [o.n.k.i.DiagnosticsManager]  [classpath] C:\Users\Alexey`\.m2\repository\org\neo4j\neo4j-unsafe\3.1.3\neo4j-unsafe-3.1.3.jar
2017-04-15 03:02:39.638+0000 INFO  [o.n.k.i.DiagnosticsManager]  [loader.0] file:/C:/Users/Alexey%60/.m2/repository/org/neo4j/neo4j-jmx/3.1.3/neo4j-jmx-3.1.3.jar
2017-04-15 03:02:39.638+0000 INFO  [o.n.k.i.DiagnosticsManager]  [classpath] C:\Users\Alexey`\.m2\repository\org\glassfish\hk2\osgi-resource-locator\1.0.1\osgi-resource-locator-1.0.1.jar
2017-04-15 03:02:39.638+0000 INFO  [o.n.k.i.DiagnosticsManager]  [loader.0] file:/C:/Users/Alexey%60/.m2/repository/javax/ws/rs/javax.ws.rs-api/2.0.1/javax.ws.rs-api-2.0.1.jar
2017-04-15 03:02:39.638+0000 INFO  [o.n.k.i.DiagnosticsManager]  [classpath] C:\Users\Alexey`\.m2\repository\org\glassfish\grizzly\grizzly-framework\2.3.23\grizzly-framework-2.3.23.jar
2017-04-15 03:02:39.638+0000 INFO  [o.n.k.i.DiagnosticsManager]  [loader.0] file:/C:/Users/Alexey%60/.m2/repository/org/glassfish/hk2/external/javax.inject/2.5.0-b05/javax.inject-2.5.0-b05.jar
2017-04-15 03:02:39.638+0000 INFO  [o.n.k.i.DiagnosticsManager]  [classpath] C:\Users\Alexey`\.m2\repository\com\fasterxml\jackson\core\jackson-core\2.8.5\jackson-core-2.8.5.jar
2017-04-15 03:02:39.638+0000 INFO  [o.n.k.i.DiagnosticsManager]  [loader.0] file:/C:/Users/Alexey%60/.m2/repository/org/neo4j/neo4j-unsafe/3.1.3/neo4j-unsafe-3.1.3.jar
2017-04-15 03:02:39.638+0000 INFO  [o.n.k.i.DiagnosticsManager]  [loader.1] file:/C:/Program%20Files/Java/jre1.8.0_101/lib/ext/access-bridge-64.jar
2017-04-15 03:02:39.638+0000 INFO  [o.n.k.i.DiagnosticsManager]  [loader.1] file:/C:/Program%20Files/Java/jre1.8.0_101/lib/ext/sunec.jar
2017-04-15 03:02:39.639+0000 INFO  [o.n.k.i.DiagnosticsManager]  [classpath] C:\Users\Alexey`\.m2\repository\org\neo4j\neo4j-cypher-frontend-3.1\3.1.3\neo4j-cypher-frontend-3.1-3.1.3.jar
2017-04-15 03:02:39.639+0000 INFO  [o.n.k.i.DiagnosticsManager]  [loader.0] file:/C:/Users/Alexey%60/.m2/repository/org/neo4j/neo4j-io/3.1.3/neo4j-io-3.1.3.jar
2017-04-15 03:02:39.639+0000 INFO  [o.n.k.i.DiagnosticsManager]  [bootstrap] C:\Program Files\Java\jre1.8.0_101\lib\jsse.jar
2017-04-15 03:02:39.639+0000 INFO  [o.n.k.i.DiagnosticsManager]  [classpath] C:\Users\Alexey`\.m2\repository\org\neo4j\neo4j-kernel\3.1.3\neo4j-kernel-3.1.3.jar
2017-04-15 03:02:39.639+0000 INFO  [o.n.k.i.DiagnosticsManager]  [loader.0] file:/C:/Users/Alexey%60/.m2/repository/org/neo4j/neo4j-cypher-frontend-3.1/3.1.3/neo4j-cypher-frontend-3.1-3.1.3.jar
2017-04-15 03:02:39.639+0000 INFO  [o.n.k.i.DiagnosticsManager]  [loader.0] file:/C:/Users/Alexey%60/.m2/repository/org/glassfish/jersey/core/jersey-server/2.24/jersey-server-2.24.jar
2017-04-15 03:02:39.639+0000 INFO  [o.n.k.i.DiagnosticsManager]  [loader.0] file:/C:/Users/Alexey%60/.m2/repository/com/googlecode/concurrentlinkedhashmap/concurrentlinkedhashmap-lru/1.4.2/concurrentlinkedhashmap-lru-1.4.2.jar
2017-04-15 03:02:39.639+0000 INFO  [o.n.k.i.DiagnosticsManager]  [loader.0] file:/C:/Users/Alexey%60/.m2/repository/org/neo4j/neo4j-cypher-compiler-3.0/3.0.8/neo4j-cypher-compiler-3.0-3.0.8.jar
2017-04-15 03:02:39.639+0000 INFO  [o.n.k.i.DiagnosticsManager]  [classpath] C:\Users\Alexey`\.m2\repository\org\telegram\telegrambots-meta\2.4.4\telegrambots-meta-2.4.4.jar
2017-04-15 03:02:39.639+0000 INFO  [o.n.k.i.DiagnosticsManager]  [loader.0] file:/C:/Users/Alexey%60/.m2/repository/org/glassfish/jersey/core/jersey-client/2.24/jersey-client-2.24.jar
2017-04-15 03:02:39.639+0000 INFO  [o.n.k.i.DiagnosticsManager]  [bootstrap] C:\Program Files\Java\jre1.8.0_101\lib\rt.jar
2017-04-15 03:02:39.639+0000 INFO  [o.n.k.i.DiagnosticsManager]  [loader.0] file:/C:/Users/Alexey%60/.m2/repository/org/neo4j/neo4j-udc/3.1.3/neo4j-udc-3.1.3.jar
2017-04-15 03:02:39.639+0000 INFO  [o.n.k.i.DiagnosticsManager]  [loader.0] file:/C:/Users/Alexey%60/.m2/repository/org/neo4j/neo4j-bolt/3.1.3/neo4j-bolt-3.1.3.jar
2017-04-15 03:02:39.639+0000 INFO  [o.n.k.i.DiagnosticsManager]  [loader.0] file:/C:/Users/Alexey%60/.m2/repository/org/bouncycastle/bcpkix-jdk15on/1.53/bcpkix-jdk15on-1.53.jar
2017-04-15 03:02:39.639+0000 INFO  [o.n.k.i.DiagnosticsManager]  [loader.0] file:/C:/Users/Alexey%60/.m2/repository/org/neo4j/neo4j-lucene-upgrade/3.1.3/neo4j-lucene-upgrade-3.1.3.jar
2017-04-15 03:02:39.639+0000 INFO  [o.n.k.i.DiagnosticsManager]  [classpath] C:\Users\Alexey`\.m2\repository\org\neo4j\neo4j\3.1.3\neo4j-3.1.3.jar
2017-04-15 03:02:39.639+0000 INFO  [o.n.k.i.DiagnosticsManager]  [classpath] C:\Users\Alexey`\.m2\repository\org\glassfish\hk2\hk2-utils\2.5.0-b05\hk2-utils-2.5.0-b05.jar
2017-04-15 03:02:39.639+0000 INFO  [o.n.k.i.DiagnosticsManager]  [classpath] C:\Users\Alexey`\.m2\repository\org\scala-lang\scala-library\2.11.8\scala-library-2.11.8.jar
2017-04-15 03:02:39.639+0000 INFO  [o.n.k.i.DiagnosticsManager]  [loader.0] file:/C:/Users/Alexey%60/.m2/repository/org/json/json/20160810/json-20160810.jar
2017-04-15 03:02:39.639+0000 INFO  [o.n.k.i.DiagnosticsManager]  [loader.0] file:/C:/Users/Alexey%60/.m2/repository/javax/inject/javax.inject/1/javax.inject-1.jar
2017-04-15 03:02:39.639+0000 INFO  [o.n.k.i.DiagnosticsManager]  [classpath] C:\Users\Alexey`\.m2\repository\org\glassfish\hk2\hk2-locator\2.5.0-b05\hk2-locator-2.5.0-b05.jar
2017-04-15 03:02:39.639+0000 INFO  [o.n.k.i.DiagnosticsManager]  [loader.0] file:/C:/Users/Alexey%60/.m2/repository/org/neo4j/neo4j-consistency-check/3.1.3/neo4j-consistency-check-3.1.3.jar
2017-04-15 03:02:39.639+0000 INFO  [o.n.k.i.DiagnosticsManager]  [loader.0] file:/C:/Users/Alexey%60/.m2/repository/org/neo4j/neo4j-graph-algo/3.1.3/neo4j-graph-algo-3.1.3.jar
2017-04-15 03:02:39.639+0000 INFO  [o.n.k.i.DiagnosticsManager]  [loader.0] file:/C:/Users/Alexey%60/.m2/repository/org/glassfish/jersey/media/jersey-media-jaxb/2.24/jersey-media-jaxb-2.24.jar
2017-04-15 03:02:39.639+0000 INFO  [o.n.k.i.DiagnosticsManager]  [loader.0] file:/C:/Users/Alexey%60/.m2/repository/org/glassfish/jersey/media/jersey-media-json-jackson/2.24/jersey-media-json-jackson-2.24.jar
2017-04-15 03:02:39.639+0000 INFO  [o.n.k.i.DiagnosticsManager]  [loader.0] file:/C:/Users/Alexey%60/.m2/repository/org/glassfish/hk2/hk2-utils/2.5.0-b05/hk2-utils-2.5.0-b05.jar
2017-04-15 03:02:39.639+0000 INFO  [o.n.k.i.DiagnosticsManager]  [classpath] C:\Users\Alexey`\.m2\repository\org\neo4j\neo4j-bolt\3.1.3\neo4j-bolt-3.1.3.jar
2017-04-15 03:02:39.639+0000 INFO  [o.n.k.i.DiagnosticsManager]  [classpath] C:\Users\Alexey`\.m2\repository\org\bouncycastle\bcprov-jdk15on\1.53\bcprov-jdk15on-1.53.jar
2017-04-15 03:02:39.639+0000 INFO  [o.n.k.i.DiagnosticsManager]  [loader.0] file:/C:/Users/Alexey%60/.m2/repository/org/ow2/asm/asm/5.0.4/asm-5.0.4.jar
2017-04-15 03:02:39.639+0000 INFO  [o.n.k.i.DiagnosticsManager]  [loader.0] file:/C:/Users/Alexey%60/.m2/repository/org/neo4j/neo4j-codegen/3.1.3/neo4j-codegen-3.1.3.jar
2017-04-15 03:02:39.639+0000 INFO  [o.n.k.i.DiagnosticsManager]  [classpath] C:\Users\Alexey`\.m2\repository\org\glassfish\grizzly\grizzly-http\2.3.23\grizzly-http-2.3.23.jar
2017-04-15 03:02:39.639+0000 INFO  [o.n.k.i.DiagnosticsManager]  [loader.0] file:/C:/Users/Alexey%60/.m2/repository/org/apache/lucene/lucene-queryparser/5.5.0/lucene-queryparser-5.5.0.jar
2017-04-15 03:02:39.639+0000 INFO  [o.n.k.i.DiagnosticsManager]  [classpath] C:\Users\Alexey`\.m2\repository\org\neo4j\neo4j-consistency-check\3.1.3\neo4j-consistency-check-3.1.3.jar
2017-04-15 03:02:39.639+0000 INFO  [o.n.k.i.DiagnosticsManager]  [loader.0] file:/C:/Users/Alexey%60/.m2/repository/com/github/ben-manes/caffeine/caffeine/2.3.3/caffeine-2.3.3.jar
2017-04-15 03:02:39.639+0000 INFO  [o.n.k.i.DiagnosticsManager]  [classpath] C:\Users\Alexey`\.m2\repository\org\glassfish\jersey\media\jersey-media-jaxb\2.24\jersey-media-jaxb-2.24.jar
2017-04-15 03:02:39.639+0000 INFO  [o.n.k.i.DiagnosticsManager]  [loader.0] file:/C:/Users/Alexey%60/.m2/repository/org/neo4j/neo4j-common/3.1.3/neo4j-common-3.1.3.jar
2017-04-15 03:02:39.639+0000 INFO  [o.n.k.i.DiagnosticsManager]  [classpath] C:\Users\Alexey`\.m2\repository\org\glassfish\hk2\hk2-api\2.5.0-b05\hk2-api-2.5.0-b05.jar
2017-04-15 03:02:39.639+0000 INFO  [o.n.k.i.DiagnosticsManager]  [classpath] C:\Users\Alexey`\.m2\repository\com\fasterxml\jackson\jaxrs\jackson-jaxrs-base\2.5.4\jackson-jaxrs-base-2.5.4.jar
2017-04-15 03:02:39.639+0000 INFO  [o.n.k.i.DiagnosticsManager]  [classpath] C:\Users\Alexey`\.m2\repository\commons-io\commons-io\2.5\commons-io-2.5.jar
2017-04-15 03:02:39.640+0000 INFO  [o.n.k.i.DiagnosticsManager]  [classpath] C:\Users\Alexey`\.m2\repository\io\netty\netty-all\4.1.8.Final\netty-all-4.1.8.Final.jar
2017-04-15 03:02:39.640+0000 INFO  [o.n.k.i.DiagnosticsManager]  [loader.0] file:/C:/Users/Alexey%60/.m2/repository/org/glassfish/hk2/osgi-resource-locator/1.0.1/osgi-resource-locator-1.0.1.jar
2017-04-15 03:02:39.640+0000 INFO  [o.n.k.i.DiagnosticsManager]  [classpath] C:\Users\Alexey`\.m2\repository\org\neo4j\neo4j-cypher-frontend-3.0\3.0.8\neo4j-cypher-frontend-3.0-3.0.8.jar
2017-04-15 03:02:39.640+0000 INFO  [o.n.k.i.DiagnosticsManager]  [classpath] C:\Users\Alexey`\workspace\enot\target\classes
2017-04-15 03:02:39.640+0000 INFO  [o.n.k.i.DiagnosticsManager]  [loader.0] file:/C:/Users/Alexey%60/.m2/repository/com/fasterxml/jackson/core/jackson-annotations/2.8.5/jackson-annotations-2.8.5.jar
2017-04-15 03:02:39.640+0000 INFO  [o.n.k.i.DiagnosticsManager]  [loader.0] file:/C:/Users/Alexey%60/.m2/repository/org/apache/lucene/lucene-analyzers-common/5.5.0/lucene-analyzers-common-5.5.0.jar
2017-04-15 03:02:39.640+0000 INFO  [o.n.k.i.DiagnosticsManager]  [classpath] C:\Users\Alexey`\.m2\repository\org\neo4j\neo4j-cypher-compiler-3.0\3.0.8\neo4j-cypher-compiler-3.0-3.0.8.jar
2017-04-15 03:02:39.640+0000 INFO  [o.n.k.i.DiagnosticsManager]  [classpath] C:\Users\Alexey`\.m2\repository\com\fasterxml\jackson\core\jackson-annotations\2.8.5\jackson-annotations-2.8.5.jar
2017-04-15 03:02:39.640+0000 INFO  [o.n.k.i.DiagnosticsManager]  [classpath] C:\Users\Alexey`\.m2\repository\org\bouncycastle\bcpkix-jdk15on\1.53\bcpkix-jdk15on-1.53.jar
2017-04-15 03:02:39.640+0000 INFO  [o.n.k.i.DiagnosticsManager]  [classpath] C:\Users\Alexey`\.m2\repository\org\neo4j\neo4j-cypher-frontend-2.3\2.3.9\neo4j-cypher-frontend-2.3-2.3.9.jar
2017-04-15 03:02:39.640+0000 INFO  [o.n.k.i.DiagnosticsManager]  [loader.0] file:/C:/Users/Alexey%60/.m2/repository/org/neo4j/neo4j-primitive-collections/3.1.3/neo4j-primitive-collections-3.1.3.jar
2017-04-15 03:02:39.640+0000 INFO  [o.n.k.i.DiagnosticsManager]  [classpath] C:\Users\Alexey`\.m2\repository\org\neo4j\neo4j-graph-algo\3.1.3\neo4j-graph-algo-3.1.3.jar
2017-04-15 03:02:39.640+0000 INFO  [o.n.k.i.DiagnosticsManager]  [loader.0] file:/C:/Users/Alexey%60/.m2/repository/org/neo4j/neo4j-command-line/3.1.3/neo4j-command-line-3.1.3.jar
2017-04-15 03:02:39.640+0000 INFO  [o.n.k.i.DiagnosticsManager]  [classpath] C:\Users\Alexey`\.m2\repository\com\fasterxml\jackson\module\jackson-module-jaxb-annotations\2.5.4\jackson-module-jaxb-annotations-2.5.4.jar
2017-04-15 03:02:39.640+0000 INFO  [o.n.k.i.DiagnosticsManager]  [loader.0] file:/C:/Users/Alexey%60/.m2/repository/org/glassfish/jersey/ext/jersey-entity-filtering/2.24/jersey-entity-filtering-2.24.jar
2017-04-15 03:02:39.640+0000 INFO  [o.n.k.i.DiagnosticsManager]  [loader.0] file:/C:/Users/Alexey%60/.m2/repository/org/apache/httpcomponents/httpclient/4.5.2/httpclient-4.5.2.jar
2017-04-15 03:02:39.640+0000 INFO  [o.n.k.i.DiagnosticsManager]  [loader.0] file:/C:/Users/Alexey%60/.m2/repository/org/apache/lucene/lucene-codecs/5.5.0/lucene-codecs-5.5.0.jar
2017-04-15 03:02:39.640+0000 INFO  [o.n.k.i.DiagnosticsManager]  [classpath] C:\Users\Alexey`\.m2\repository\org\neo4j\neo4j-import-tool\3.1.3\neo4j-import-tool-3.1.3.jar
2017-04-15 03:02:39.640+0000 INFO  [o.n.k.i.DiagnosticsManager]  [classpath] C:\Users\Alexey`\.m2\repository\org\glassfish\hk2\external\javax.inject\2.5.0-b05\javax.inject-2.5.0-b05.jar
2017-04-15 03:02:39.640+0000 INFO  [o.n.k.i.DiagnosticsManager]  [classpath] C:\Users\Alexey`\.m2\repository\org\neo4j\neo4j-cypher-compiler-2.3\2.3.9\neo4j-cypher-compiler-2.3-2.3.9.jar
2017-04-15 03:02:39.640+0000 INFO  [o.n.k.i.DiagnosticsManager]  [classpath] C:\Users\Alexey`\.m2\repository\aopalliance\aopalliance\1.0\aopalliance-1.0.jar
2017-04-15 03:02:39.640+0000 INFO  [o.n.k.i.DiagnosticsManager]  [classpath] C:\Users\Alexey`\.m2\repository\com\github\ben-manes\caffeine\caffeine\2.3.3\caffeine-2.3.3.jar
2017-04-15 03:02:39.640+0000 INFO  [o.n.k.i.DiagnosticsManager]  [loader.0] file:/C:/Users/Alexey%60/.m2/repository/com/fasterxml/jackson/module/jackson-module-jaxb-annotations/2.5.4/jackson-module-jaxb-annotations-2.5.4.jar
2017-04-15 03:02:39.640+0000 INFO  [o.n.k.i.DiagnosticsManager]  [classpath] C:\Users\Alexey`\.m2\repository\org\neo4j\neo4j-resource\3.1.3\neo4j-resource-3.1.3.jar
2017-04-15 03:02:39.640+0000 INFO  [o.n.k.i.DiagnosticsManager]  [classpath] C:\Users\Alexey`\.m2\repository\org\neo4j\neo4j-io\3.1.3\neo4j-io-3.1.3.jar
2017-04-15 03:02:39.640+0000 INFO  [o.n.k.i.DiagnosticsManager]  [loader.0] file:/C:/Users/Alexey%60/.m2/repository/org/parboiled/parboiled-scala_2.11/1.1.7/parboiled-scala_2.11-1.1.7.jar
2017-04-15 03:02:39.640+0000 INFO  [o.n.k.i.DiagnosticsManager]  [loader.0] file:/C:/Users/Alexey%60/.m2/repository/org/glassfish/jersey/containers/jersey-container-grizzly2-http/2.24/jersey-container-grizzly2-http-2.24.jar
2017-04-15 03:02:39.640+0000 INFO  [o.n.k.i.DiagnosticsManager]  [loader.1] file:/C:/Program%20Files/Java/jre1.8.0_101/lib/ext/cldrdata.jar
2017-04-15 03:02:39.640+0000 INFO  [o.n.k.i.DiagnosticsManager]  [loader.0] file:/C:/Users/Alexey%60/.m2/repository/commons-codec/commons-codec/1.9/commons-codec-1.9.jar
2017-04-15 03:02:39.640+0000 INFO  [o.n.k.i.DiagnosticsManager]  [classpath] C:\Users\Alexey`\.m2\repository\org\apache\lucene\lucene-analyzers-common\5.5.0\lucene-analyzers-common-5.5.0.jar
2017-04-15 03:02:39.640+0000 INFO  [o.n.k.i.DiagnosticsManager]  [classpath] C:\Users\Alexey`\.m2\repository\org\javassist\javassist\3.20.0-GA\javassist-3.20.0-GA.jar
2017-04-15 03:02:39.640+0000 INFO  [o.n.k.i.DiagnosticsManager]  [classpath] C:\Users\Alexey`\.m2\repository\org\neo4j\neo4j-primitive-collections\3.1.3\neo4j-primitive-collections-3.1.3.jar
2017-04-15 03:02:39.640+0000 INFO  [o.n.k.i.DiagnosticsManager]  [loader.0] file:/C:/Users/Alexey%60/.m2/repository/org/neo4j/neo4j-cypher/3.1.3/neo4j-cypher-3.1.3.jar
2017-04-15 03:02:39.640+0000 INFO  [o.n.k.i.DiagnosticsManager]  [loader.1] file:/C:/Program%20Files/Java/jre1.8.0_101/lib/ext/sunjce_provider.jar
2017-04-15 03:02:39.640+0000 INFO  [o.n.k.i.DiagnosticsManager]  [loader.0] file:/C:/Users/Alexey%60/.m2/repository/javax/annotation/javax.annotation-api/1.2/javax.annotation-api-1.2.jar
2017-04-15 03:02:39.640+0000 INFO  [o.n.k.i.DiagnosticsManager]  [classpath] C:\Users\Alexey`\.m2\repository\javax\ws\rs\javax.ws.rs-api\2.0.1\javax.ws.rs-api-2.0.1.jar
2017-04-15 03:02:39.640+0000 INFO  [o.n.k.i.DiagnosticsManager]  [loader.0] file:/C:/Users/Alexey%60/.m2/repository/org/parboiled/parboiled-core/1.1.7/parboiled-core-1.1.7.jar
2017-04-15 03:02:39.640+0000 INFO  [o.n.k.i.DiagnosticsManager]  [loader.1] file:/C:/Program%20Files/Java/jre1.8.0_101/lib/ext/nashorn.jar
2017-04-15 03:02:39.640+0000 INFO  [o.n.k.i.DiagnosticsManager]  [loader.1] file:/C:/Program%20Files/Java/jre1.8.0_101/lib/ext/sunpkcs11.jar
2017-04-15 03:02:39.640+0000 INFO  [o.n.k.i.DiagnosticsManager]  [loader.0] file:/C:/Users/Alexey%60/.m2/repository/org/bouncycastle/bcprov-jdk15on/1.53/bcprov-jdk15on-1.53.jar
2017-04-15 03:02:39.640+0000 INFO  [o.n.k.i.DiagnosticsManager]  [bootstrap] C:\Program Files\Java\jre1.8.0_101\lib\jfr.jar
2017-04-15 03:02:39.640+0000 INFO  [o.n.k.i.DiagnosticsManager]  [loader.0] file:/C:/Users/Alexey%60/.m2/repository/org/javassist/javassist/3.20.0-GA/javassist-3.20.0-GA.jar
2017-04-15 03:02:39.641+0000 INFO  [o.n.k.i.DiagnosticsManager]  [loader.0] file:/C:/Users/Alexey%60/.m2/repository/org/neo4j/neo4j-import-tool/3.1.3/neo4j-import-tool-3.1.3.jar
2017-04-15 03:02:39.641+0000 INFO  [o.n.k.i.DiagnosticsManager]  [loader.0] file:/C:/Users/Alexey%60/.m2/repository/org/glassfish/hk2/external/aopalliance-repackaged/2.5.0-b05/aopalliance-repackaged-2.5.0-b05.jar
2017-04-15 03:02:39.641+0000 INFO  [o.n.k.i.DiagnosticsManager]  [classpath] C:\Users\Alexey`\.m2\repository\org\apache\lucene\lucene-core\5.5.0\lucene-core-5.5.0.jar
2017-04-15 03:02:39.641+0000 INFO  [o.n.k.i.DiagnosticsManager]  [loader.0] file:/C:/Users/Alexey%60/.m2/repository/com/fasterxml/jackson/jaxrs/jackson-jaxrs-json-provider/2.5.4/jackson-jaxrs-json-provider-2.5.4.jar
2017-04-15 03:02:39.641+0000 INFO  [o.n.k.i.DiagnosticsManager]  [classpath] C:\Users\Alexey`\.m2\repository\javax\inject\javax.inject\1\javax.inject-1.jar
2017-04-15 03:02:39.641+0000 INFO  [o.n.k.i.DiagnosticsManager]  [classpath] C:\Users\Alexey`\.m2\repository\org\glassfish\jersey\containers\jersey-container-grizzly2-http\2.24\jersey-container-grizzly2-http-2.24.jar
2017-04-15 03:02:39.641+0000 INFO  [o.n.k.i.DiagnosticsManager]  [classpath] C:\Users\Alexey`\.m2\repository\org\neo4j\neo4j-graph-matching\3.1.3\neo4j-graph-matching-3.1.3.jar
2017-04-15 03:02:39.641+0000 INFO  [o.n.k.i.DiagnosticsManager]  [classpath] C:\Users\Alexey`\.m2\repository\org\telegram\telegrambots\2.4.4\telegrambots-2.4.4.jar
2017-04-15 03:02:39.641+0000 INFO  [o.n.k.i.DiagnosticsManager]  [loader.0] file:/C:/Users/Alexey%60/.m2/repository/org/telegram/telegrambots/2.4.4/telegrambots-2.4.4.jar
2017-04-15 03:02:39.641+0000 INFO  [o.n.k.i.DiagnosticsManager]  [classpath] C:\Users\Alexey`\.m2\repository\org\neo4j\neo4j-cypher-compiler-3.1\3.1.3\neo4j-cypher-compiler-3.1-3.1.3.jar
2017-04-15 03:02:39.641+0000 INFO  [o.n.k.i.DiagnosticsManager]  [loader.0] file:/C:/Users/Alexey%60/.m2/repository/org/neo4j/neo4j-collections/3.1.3/neo4j-collections-3.1.3.jar
2017-04-15 03:02:39.641+0000 INFO  [o.n.k.i.DiagnosticsManager]  [loader.0] file:/C:/Users/Alexey%60/.m2/repository/aopalliance/aopalliance/1.0/aopalliance-1.0.jar
2017-04-15 03:02:39.641+0000 INFO  [o.n.k.i.DiagnosticsManager]  [loader.0] file:/C:/Users/Alexey%60/.m2/repository/org/glassfish/grizzly/grizzly-framework/2.3.23/grizzly-framework-2.3.23.jar
2017-04-15 03:02:39.641+0000 INFO  [o.n.k.i.DiagnosticsManager]  [loader.1] file:/C:/Program%20Files/Java/jre1.8.0_101/lib/ext/zipfs.jar
2017-04-15 03:02:39.641+0000 INFO  [o.n.k.i.DiagnosticsManager]  [classpath] C:\Users\Alexey`\.m2\repository\org\neo4j\neo4j-logging\3.1.3\neo4j-logging-3.1.3.jar
2017-04-15 03:02:39.641+0000 INFO  [o.n.k.i.DiagnosticsManager]  [classpath] C:\Users\Alexey`\.m2\repository\org\neo4j\neo4j-command-line\3.1.3\neo4j-command-line-3.1.3.jar
2017-04-15 03:02:39.641+0000 INFO  [o.n.k.i.DiagnosticsManager]  [loader.0] file:/C:/Users/Alexey%60/.m2/repository/org/neo4j/neo4j-logging/3.1.3/neo4j-logging-3.1.3.jar
2017-04-15 03:02:39.641+0000 INFO  [o.n.k.i.DiagnosticsManager]  [loader.0] file:/C:/Users/Alexey%60/.m2/repository/org/glassfish/grizzly/grizzly-http/2.3.23/grizzly-http-2.3.23.jar
2017-04-15 03:02:39.641+0000 INFO  [o.n.k.i.DiagnosticsManager]  [loader.0] file:/C:/Users/Alexey%60/.m2/repository/org/glassfish/grizzly/grizzly-http-server/2.3.23/grizzly-http-server-2.3.23.jar
2017-04-15 03:02:39.641+0000 INFO  [o.n.k.i.DiagnosticsManager]  [loader.0] file:/C:/Users/Alexey%60/.m2/repository/net/sf/opencsv/opencsv/2.3/opencsv-2.3.jar
2017-04-15 03:02:39.641+0000 INFO  [o.n.k.i.DiagnosticsManager]  [classpath] C:\Users\Alexey`\.m2\repository\com\google\guava\guava\19.0\guava-19.0.jar
2017-04-15 03:02:39.641+0000 INFO  [o.n.k.i.DiagnosticsManager]  [loader.0] file:/C:/Users/Alexey%60/.m2/repository/com/google/guava/guava/19.0/guava-19.0.jar
2017-04-15 03:02:39.641+0000 INFO  [o.n.k.i.DiagnosticsManager]  [loader.0] file:/C:/Users/Alexey%60/.m2/repository/org/glassfish/jersey/bundles/repackaged/jersey-guava/2.24/jersey-guava-2.24.jar
2017-04-15 03:02:39.641+0000 INFO  [o.n.k.i.DiagnosticsManager]  [classpath] C:\Users\Alexey`\.m2\repository\org\glassfish\jersey\core\jersey-server\2.24\jersey-server-2.24.jar
2017-04-15 03:02:39.641+0000 INFO  [o.n.k.i.DiagnosticsManager]  [loader.0] file:/C:/Users/Alexey%60/.m2/repository/com/fasterxml/jackson/jaxrs/jackson-jaxrs-base/2.5.4/jackson-jaxrs-base-2.5.4.jar
2017-04-15 03:02:39.641+0000 INFO  [o.n.k.i.DiagnosticsManager]  [loader.0] file:/C:/Users/Alexey%60/.m2/repository/org/neo4j/neo4j-cypher-frontend-2.3/2.3.9/neo4j-cypher-frontend-2.3-2.3.9.jar
2017-04-15 03:02:39.641+0000 INFO  [o.n.k.i.DiagnosticsManager]  [classpath] C:\Users\Alexey`\.m2\repository\org\neo4j\neo4j-udc\3.1.3\neo4j-udc-3.1.3.jar
2017-04-15 03:02:39.641+0000 INFO  [o.n.k.i.DiagnosticsManager]  [classpath] C:\Users\Alexey`\.m2\repository\org\glassfish\jersey\core\jersey-client\2.24\jersey-client-2.24.jar
2017-04-15 03:02:39.641+0000 INFO  [o.n.k.i.DiagnosticsManager]  [classpath] C:\Users\Alexey`\.m2\repository\org\apache\lucene\lucene-queryparser\5.5.0\lucene-queryparser-5.5.0.jar
2017-04-15 03:02:39.641+0000 INFO  [o.n.k.i.DiagnosticsManager]  [classpath] C:\Users\Alexey`\.m2\repository\org\scala-lang\scala-reflect\2.11.8\scala-reflect-2.11.8.jar
2017-04-15 03:02:39.641+0000 INFO  [o.n.k.i.DiagnosticsManager]  [loader.0] file:/C:/Users/Alexey%60/.m2/repository/com/google/inject/guice/4.1.0/guice-4.1.0.jar
2017-04-15 03:02:39.642+0000 INFO  [o.n.k.i.DiagnosticsManager]  [classpath] C:\Users\Alexey`\.m2\repository\org\apache\lucene\lucene-codecs\5.5.0\lucene-codecs-5.5.0.jar
2017-04-15 03:02:39.642+0000 INFO  [o.n.k.i.DiagnosticsManager]  [classpath] C:\Users\Alexey`\.m2\repository\org\apache\httpcomponents\httpmime\4.5.2\httpmime-4.5.2.jar
2017-04-15 03:02:39.642+0000 INFO  [o.n.k.i.DiagnosticsManager]  [loader.0] file:/C:/Users/Alexey%60/.m2/repository/org/glassfish/jersey/core/jersey-common/2.24/jersey-common-2.24.jar
2017-04-15 03:02:39.642+0000 INFO  [o.n.k.i.DiagnosticsManager]  [loader.0] file:/C:/Users/Alexey%60/.m2/repository/commons-logging/commons-logging/1.2/commons-logging-1.2.jar
2017-04-15 03:02:39.642+0000 INFO  [o.n.k.i.DiagnosticsManager]  [loader.0] file:/C:/Users/Alexey%60/.m2/repository/org/apache/httpcomponents/httpmime/4.5.2/httpmime-4.5.2.jar
2017-04-15 03:02:39.642+0000 INFO  [o.n.k.i.DiagnosticsManager]  [classpath] C:\Users\Alexey`\.m2\repository\org\neo4j\neo4j-cypher\3.1.3\neo4j-cypher-3.1.3.jar
2017-04-15 03:02:39.642+0000 INFO  [o.n.k.i.DiagnosticsManager]  [classpath] C:\Users\Alexey`\.m2\repository\org\ow2\asm\asm\5.0.4\asm-5.0.4.jar
2017-04-15 03:02:39.642+0000 INFO  [o.n.k.i.DiagnosticsManager]  [classpath] C:\Users\Alexey`\.m2\repository\javax\validation\validation-api\1.1.0.Final\validation-api-1.1.0.Final.jar
2017-04-15 03:02:39.642+0000 INFO  [o.n.k.i.DiagnosticsManager]  [loader.0] file:/C:/Users/Alexey%60/.m2/repository/io/netty/netty-all/4.1.8.Final/netty-all-4.1.8.Final.jar
2017-04-15 03:02:39.642+0000 INFO  [o.n.k.i.DiagnosticsManager]  [classpath] C:\Users\Alexey`\.m2\repository\org\neo4j\neo4j-graphdb-api\3.1.3\neo4j-graphdb-api-3.1.3.jar
2017-04-15 03:02:39.642+0000 INFO  [o.n.k.i.DiagnosticsManager] Library path:
2017-04-15 03:02:39.643+0000 INFO  [o.n.k.i.DiagnosticsManager] C:\Program Files\Java\jre1.8.0_101\bin
2017-04-15 03:02:39.643+0000 INFO  [o.n.k.i.DiagnosticsManager] C:\Windows\Sun\Java\bin
2017-04-15 03:02:39.643+0000 INFO  [o.n.k.i.DiagnosticsManager] C:\Windows\System32
2017-04-15 03:02:39.643+0000 INFO  [o.n.k.i.DiagnosticsManager] C:\Windows
2017-04-15 03:02:39.644+0000 INFO  [o.n.k.i.DiagnosticsManager] C:\ProgramData\Oracle\Java\javapath
2017-04-15 03:02:39.644+0000 INFO  [o.n.k.i.DiagnosticsManager] C:\Program Files (x86)\Common Files\Intel\Shared Files\cpp\Bin\Intel64
2017-04-15 03:02:39.645+0000 INFO  [o.n.k.i.DiagnosticsManager] C:\Program Files\Java\jre7\bin
2017-04-15 03:02:39.645+0000 INFO  [o.n.k.i.DiagnosticsManager] C:\Windows\System32
2017-04-15 03:02:39.645+0000 INFO  [o.n.k.i.DiagnosticsManager] C:\Windows
2017-04-15 03:02:39.645+0000 INFO  [o.n.k.i.DiagnosticsManager] C:\Windows\System32\wbem
2017-04-15 03:02:39.645+0000 INFO  [o.n.k.i.DiagnosticsManager] C:\Windows\System32\WindowsPowerShell\v1.0
2017-04-15 03:02:39.646+0000 INFO  [o.n.k.i.DiagnosticsManager] C:\Program Files (x86)\Windows Kits\8.1\Windows Performance Toolkit
2017-04-15 03:02:39.646+0000 INFO  [o.n.k.i.DiagnosticsManager] C:\Program Files\Git\cmd
2017-04-15 03:02:39.646+0000 INFO  [o.n.k.i.DiagnosticsManager] C:\Program Files (x86)\Skype\Phone
2017-04-15 03:02:39.647+0000 INFO  [o.n.k.i.DiagnosticsManager] C:\Users\Alexey`\workspace\enot\%CDSROOT%\OpenAccess\bin\win32\opt
2017-04-15 03:02:39.647+0000 INFO  [o.n.k.i.DiagnosticsManager] C:\Users\Alexey`\workspace\enot\%CDSROOT%\tools\pcb\bin
2017-04-15 03:02:39.647+0000 INFO  [o.n.k.i.DiagnosticsManager] C:\Users\Alexey`\workspace\enot\%CDSROOT%\tools\fet\bin
2017-04-15 03:02:39.647+0000 INFO  [o.n.k.i.DiagnosticsManager] C:\Users\Alexey`\workspace\enot\%CDSROOT%\tools\Capture
2017-04-15 03:02:39.648+0000 INFO  [o.n.k.i.DiagnosticsManager] C:\Users\Alexey`\workspace\enot\%CDSROOT%\tools\PSpice
2017-04-15 03:02:39.648+0000 INFO  [o.n.k.i.DiagnosticsManager] C:\Users\Alexey`\workspace\enot\%CDSROOT%\tools\specctra\bin
2017-04-15 03:02:39.648+0000 INFO  [o.n.k.i.DiagnosticsManager] C:\Users\Alexey`\workspace\enot\%CDSROOT%\tools\bin
2017-04-15 03:02:39.648+0000 INFO  [o.n.k.i.DiagnosticsManager] C:\Users\Alexey`\workspace\enot
2017-04-15 03:02:39.649+0000 INFO  [o.n.k.i.DiagnosticsManager] C:\Users\Alexey`\AppData\Local\Microsoft\WindowsApps
2017-04-15 03:02:39.649+0000 INFO  [o.n.k.i.DiagnosticsManager] C:\Users\Alexey`\workspace\enot
2017-04-15 03:02:39.649+0000 INFO  [o.n.k.i.DiagnosticsManager] System.properties:
2017-04-15 03:02:39.650+0000 INFO  [o.n.k.i.DiagnosticsManager] sun.boot.library.path = C:\Program Files\Java\jre1.8.0_101\bin
2017-04-15 03:02:39.650+0000 INFO  [o.n.k.i.DiagnosticsManager] path.separator = ;
2017-04-15 03:02:39.650+0000 INFO  [o.n.k.i.DiagnosticsManager] file.encoding.pkg = sun.io
2017-04-15 03:02:39.650+0000 INFO  [o.n.k.i.DiagnosticsManager] user.country = CA
2017-04-15 03:02:39.650+0000 INFO  [o.n.k.i.DiagnosticsManager] user.script = 
2017-04-15 03:02:39.650+0000 INFO  [o.n.k.i.DiagnosticsManager] sun.java.launcher = SUN_STANDARD
2017-04-15 03:02:39.650+0000 INFO  [o.n.k.i.DiagnosticsManager] sun.os.patch.level = 
2017-04-15 03:02:39.650+0000 INFO  [o.n.k.i.DiagnosticsManager] user.dir = C:\Users\Alexey`\workspace\enot
2017-04-15 03:02:39.650+0000 INFO  [o.n.k.i.DiagnosticsManager] user.variant = 
2017-04-15 03:02:39.650+0000 INFO  [o.n.k.i.DiagnosticsManager] sun.jnu.encoding = Cp1251
2017-04-15 03:02:39.650+0000 INFO  [o.n.k.i.DiagnosticsManager] sun.management.compiler = HotSpot 64-Bit Tiered Compilers
2017-04-15 03:02:39.650+0000 INFO  [o.n.k.i.DiagnosticsManager] user.home = C:\Users\Alexey`
2017-04-15 03:02:39.650+0000 INFO  [o.n.k.i.DiagnosticsManager] user.timezone = America/Chicago
2017-04-15 03:02:39.650+0000 INFO  [o.n.k.i.DiagnosticsManager] file.encoding = Cp1251
2017-04-15 03:02:39.650+0000 INFO  [o.n.k.i.DiagnosticsManager] user.name = Alexey
2017-04-15 03:02:39.650+0000 INFO  [o.n.k.i.DiagnosticsManager] sun.java.command = enot.test
2017-04-15 03:02:39.650+0000 INFO  [o.n.k.i.DiagnosticsManager] sun.arch.data.model = 64
2017-04-15 03:02:39.650+0000 INFO  [o.n.k.i.DiagnosticsManager] user.language = en
2017-04-15 03:02:39.650+0000 INFO  [o.n.k.i.DiagnosticsManager] awt.toolkit = sun.awt.windows.WToolkit
2017-04-15 03:02:39.650+0000 INFO  [o.n.k.i.DiagnosticsManager] file.separator = \
2017-04-15 03:02:39.650+0000 INFO  [o.n.k.i.DiagnosticsManager] sun.io.unicode.encoding = UnicodeLittle
2017-04-15 03:02:39.650+0000 INFO  [o.n.k.i.DiagnosticsManager] sun.cpu.endian = little
2017-04-15 03:02:39.650+0000 INFO  [o.n.k.i.DiagnosticsManager] sun.desktop = windows
2017-04-15 03:02:39.650+0000 INFO  [o.n.k.i.DiagnosticsManager] sun.cpu.isalist = amd64
2017-04-15 03:02:39.650+0000 INFO  [o.n.k.i.DiagnosticsManager] Network information:
2017-04-15 03:02:39.731+0000 INFO  [o.n.k.i.DiagnosticsManager] Interface Software Loopback Interface 1:
2017-04-15 03:02:39.731+0000 INFO  [o.n.k.i.DiagnosticsManager]     address: 127.0.0.1
2017-04-15 03:02:39.731+0000 INFO  [o.n.k.i.DiagnosticsManager]     address: 0:0:0:0:0:0:0:1
2017-04-15 03:02:39.731+0000 INFO  [o.n.k.i.DiagnosticsManager] Interface WAN Miniport (L2TP):
2017-04-15 03:02:39.732+0000 INFO  [o.n.k.i.DiagnosticsManager] Interface WAN Miniport (IPv6):
2017-04-15 03:02:39.732+0000 INFO  [o.n.k.i.DiagnosticsManager] Interface WAN Miniport (IKEv2):
2017-04-15 03:02:39.732+0000 INFO  [o.n.k.i.DiagnosticsManager] Interface Bluetooth Device (RFCOMM Protocol TDI):
2017-04-15 03:02:39.732+0000 INFO  [o.n.k.i.DiagnosticsManager] Interface VirtualBox Host-Only Ethernet Adapter:
2017-04-15 03:02:39.732+0000 INFO  [o.n.k.i.DiagnosticsManager]     address: 192.168.56.1
2017-04-15 03:02:39.732+0000 INFO  [o.n.k.i.DiagnosticsManager]     address: fe80:0:0:0:f902:f794:326e:4ee3%eth1
2017-04-15 03:02:39.732+0000 INFO  [o.n.k.i.DiagnosticsManager] Interface Bluetooth PAN HelpText:
2017-04-15 03:02:39.732+0000 INFO  [o.n.k.i.DiagnosticsManager]     address: fe80:0:0:0:353b:8ae3:9e52:93d6%eth2
2017-04-15 03:02:39.732+0000 INFO  [o.n.k.i.DiagnosticsManager] Interface Microsoft ISATAP Adapter #4:
2017-04-15 03:02:39.732+0000 INFO  [o.n.k.i.DiagnosticsManager]     address: fe80:0:0:0:0:5efe:c0a8:6468%net3
2017-04-15 03:02:39.732+0000 INFO  [o.n.k.i.DiagnosticsManager] Interface Microsoft Kernel Debug Network Adapter:
2017-04-15 03:02:39.732+0000 INFO  [o.n.k.i.DiagnosticsManager] Interface WAN Miniport (SSTP):
2017-04-15 03:02:39.733+0000 INFO  [o.n.k.i.DiagnosticsManager] Interface RAS Async Adapter:
2017-04-15 03:02:39.733+0000 INFO  [o.n.k.i.DiagnosticsManager] Interface Microsoft Wi-Fi Direct Virtual Adapter:
2017-04-15 03:02:39.733+0000 INFO  [o.n.k.i.DiagnosticsManager]     address: fe80:0:0:0:f836:ec2e:3150:9af%wlan0
2017-04-15 03:02:39.733+0000 INFO  [o.n.k.i.DiagnosticsManager] Interface WAN Miniport (Network Monitor):
2017-04-15 03:02:39.733+0000 INFO  [o.n.k.i.DiagnosticsManager] Interface Microsoft ISATAP Adapter #3:
2017-04-15 03:02:39.733+0000 INFO  [o.n.k.i.DiagnosticsManager]     address: fe80:0:0:0:0:5efe:c0a8:3801%net5
2017-04-15 03:02:39.733+0000 INFO  [o.n.k.i.DiagnosticsManager] Interface WAN Miniport (IP):
2017-04-15 03:02:39.733+0000 INFO  [o.n.k.i.DiagnosticsManager] Interface WAN Miniport (PPTP):
2017-04-15 03:02:39.733+0000 INFO  [o.n.k.i.DiagnosticsManager] Interface Microsoft ISATAP Adapter #2:
2017-04-15 03:02:39.733+0000 INFO  [o.n.k.i.DiagnosticsManager] Interface Microsoft Wi-Fi Direct Virtual Adapter-WFP Native MAC Layer LightWeight Filter-0000:
2017-04-15 03:02:39.733+0000 INFO  [o.n.k.i.DiagnosticsManager] Interface WAN Miniport (PPPOE):
2017-04-15 03:02:39.733+0000 INFO  [o.n.k.i.DiagnosticsManager] Interface Marvell AVASTAR Wireless-AC Network Controller:
2017-04-15 03:02:39.733+0000 INFO  [o.n.k.i.DiagnosticsManager]     address: 192.168.100.104
2017-04-15 03:02:39.733+0000 INFO  [o.n.k.i.DiagnosticsManager]     address: fe80:0:0:0:830:c281:a658:f58f%wlan2
2017-04-15 03:02:39.733+0000 INFO  [o.n.k.i.DiagnosticsManager] Interface VirtualBox Host-Only Ethernet Adapter-WFP Native MAC Layer LightWeight Filter-0000:
2017-04-15 03:02:39.733+0000 INFO  [o.n.k.i.DiagnosticsManager] Interface VirtualBox Host-Only Ethernet Adapter-VirtualBox NDIS Light-Weight Filter-0000:
2017-04-15 03:02:39.733+0000 INFO  [o.n.k.i.DiagnosticsManager] Interface VirtualBox Host-Only Ethernet Adapter-QoS Packet Scheduler-0000:
2017-04-15 03:02:39.734+0000 INFO  [o.n.k.i.DiagnosticsManager] Interface VirtualBox Host-Only Ethernet Adapter-WFP 802.3 MAC Layer LightWeight Filter-0000:
2017-04-15 03:02:39.734+0000 INFO  [o.n.k.i.DiagnosticsManager] Interface Marvell AVASTAR Wireless-AC Network Controller-WFP Native MAC Layer LightWeight Filter-0000:
2017-04-15 03:02:39.734+0000 INFO  [o.n.k.i.DiagnosticsManager] Interface Marvell AVASTAR Wireless-AC Network Controller-Virtual WiFi Filter Driver-0000:
2017-04-15 03:02:39.734+0000 INFO  [o.n.k.i.DiagnosticsManager] Interface Marvell AVASTAR Wireless-AC Network Controller-Native WiFi Filter Driver-0000:
2017-04-15 03:02:39.734+0000 INFO  [o.n.k.i.DiagnosticsManager] Interface Marvell AVASTAR Wireless-AC Network Controller-VirtualBox NDIS Light-Weight Filter-0000:
2017-04-15 03:02:39.734+0000 INFO  [o.n.k.i.DiagnosticsManager] Interface Marvell AVASTAR Wireless-AC Network Controller-QoS Packet Scheduler-0000:
2017-04-15 03:02:39.734+0000 INFO  [o.n.k.i.DiagnosticsManager] Interface Marvell AVASTAR Wireless-AC Network Controller-WFP 802.3 MAC Layer LightWeight Filter-0000:
2017-04-15 03:02:39.734+0000 INFO  [o.n.k.i.DiagnosticsManager] Interface Microsoft Wi-Fi Direct Virtual Adapter-Native WiFi Filter Driver-0000:
2017-04-15 03:02:39.734+0000 INFO  [o.n.k.i.DiagnosticsManager] Interface Microsoft Wi-Fi Direct Virtual Adapter-VirtualBox NDIS Light-Weight Filter-0000:
2017-04-15 03:02:39.734+0000 INFO  [o.n.k.i.DiagnosticsManager] Interface Microsoft Wi-Fi Direct Virtual Adapter-QoS Packet Scheduler-0000:
2017-04-15 03:02:39.734+0000 INFO  [o.n.k.i.DiagnosticsManager] Interface Microsoft Wi-Fi Direct Virtual Adapter-WFP 802.3 MAC Layer LightWeight Filter-0000:
2017-04-15 03:02:39.734+0000 INFO  [o.n.k.i.DiagnosticsManager] Interface Microsoft Teredo Tunneling Adapter:
2017-04-15 03:02:39.735+0000 INFO  [o.n.k.i.DiagnosticsManager]     address: fe80:0:0:0:0:100:7f:fffe%net8
2017-04-15 03:02:39.735+0000 INFO  [o.n.k.i.DiagnosticsManager] Interface WAN Miniport (IP)-WFP Native MAC Layer LightWeight Filter-0000:
2017-04-15 03:02:39.735+0000 INFO  [o.n.k.i.DiagnosticsManager] Interface WAN Miniport (IP)-QoS Packet Scheduler-0000:
2017-04-15 03:02:39.735+0000 INFO  [o.n.k.i.DiagnosticsManager] Interface WAN Miniport (IPv6)-WFP Native MAC Layer LightWeight Filter-0000:
2017-04-15 03:02:39.735+0000 INFO  [o.n.k.i.DiagnosticsManager] Interface WAN Miniport (IPv6)-QoS Packet Scheduler-0000:
2017-04-15 03:02:39.735+0000 INFO  [o.n.k.i.DiagnosticsManager] Interface WAN Miniport (Network Monitor)-WFP Native MAC Layer LightWeight Filter-0000:
2017-04-15 03:02:39.735+0000 INFO  [o.n.k.i.DiagnosticsManager] Interface WAN Miniport (Network Monitor)-QoS Packet Scheduler-0000:
2017-04-15 03:02:39.735+0000 INFO  [o.n.k.i.DiagnosticsManager] --- INITIALIZED diagnostics END ---
2017-04-15 03:02:39.797+0000 INFO  [o.n.b.v.r.WorkerFactory] No SSL certificate found, generating a self-signed certificate..
2017-04-15 03:02:41.218+0000 INFO  [o.n.b.v.r.WorkerFactory] Bolt Server extension loaded.
2017-04-15 03:02:41.224+0000 INFO  [o.n.b.v.r.WorkerFactory] Bolt enabled on 192.168.100.129:7687.
2017-04-15 03:02:41.374+0000 INFO  [o.n.k.i.s.f.RecordFormatSelector] Selected format 'RecordFormat:StandardV3_0[v0.A.7]' for the new store
2017-04-15 03:02:42.026+0000 INFO  [o.n.k.i.a.i.IndexingService] IndexingService.init: indexes not specifically mentioned above are POPULATING
2017-04-15 03:02:42.030+0000 INFO  [o.n.k.a.i.l.LuceneLabelScanStore] No lucene scan store index found, this might just be first use. Preparing to rebuild.
2017-04-15 03:02:42.378+0000 INFO  [o.n.k.NeoStoreDataSource] Opened logical log [C:\Users\Alexey`\workspace\enot\target\neo4j-store-with-new-indexing\neostore.transaction.db.0] version=0, lastTxId=1 (clean)
2017-04-15 03:02:42.389+0000 INFO  [o.n.k.NeoStoreDataSource] No commits found after last check point (which is at <no log position given>)
2017-04-15 03:02:42.400+0000 WARN  [o.n.k.i.s.MetaDataStore] Missing counts store, rebuilding it.
2017-04-15 03:02:42.530+0000 INFO  [o.n.k.i.a.i.IndexingService] IndexingService.start: indexes not specifically mentioned above are POPULATING
2017-04-15 03:02:42.539+0000 INFO  [o.n.k.a.i.l.LuceneLabelScanStore] Rebuilding lucene scan store, this may take a while
2017-04-15 03:02:42.559+0000 INFO  [o.n.k.a.i.l.LuceneLabelScanStore] Lucene scan store rebuilt (roughly 0 nodes)
2017-04-15 03:02:42.567+0000 INFO  [o.n.k.i.DatabaseHealth] Database health set to OK
2017-04-15 03:02:43.468+0000 INFO  [o.n.k.i.t.l.c.CheckPointerImpl] Check Pointing triggered by database shutdown [1]:  Starting check pointing...
2017-04-15 03:02:43.474+0000 INFO  [o.n.k.i.t.l.c.CheckPointerImpl] Check Pointing triggered by database shutdown [1]:  Starting store flush...
2017-04-15 03:02:43.516+0000 INFO  [o.n.k.i.t.l.c.CheckPointerImpl] Check Pointing triggered by database shutdown [1]:  Store flush completed
2017-04-15 03:02:43.522+0000 INFO  [o.n.k.i.t.l.c.CheckPointerImpl] Check Pointing triggered by database shutdown [1]:  Starting appending check point entry into the tx log...
2017-04-15 03:02:43.539+0000 INFO  [o.n.k.i.t.l.c.CheckPointerImpl] Check Pointing triggered by database shutdown [1]:  Appending check point entry into the tx log completed
2017-04-15 03:02:43.544+0000 INFO  [o.n.k.i.t.l.c.CheckPointerImpl] Check Pointing triggered by database shutdown [1]:  Check pointing completed
2017-04-15 03:02:43.551+0000 INFO  [o.n.k.i.t.l.p.LogPruningImpl] Log Rotation [0]:  Starting log pruning.
2017-04-15 03:02:43.557+0000 INFO  [o.n.k.i.t.l.p.LogPruningImpl] Log Rotation [0]:  Log pruning complete.
2017-04-15 03:02:43.823+0000 INFO  [o.n.k.i.DiagnosticsManager] --- STOPPING diagnostics START ---
2017-04-15 03:02:43.823+0000 INFO  [o.n.k.i.DiagnosticsManager] --- STOPPING diagnostics END ---
2017-04-15 03:02:43.830+0000 INFO  [o.n.k.i.f.GraphDatabaseFacadeFactory] Shutdown started
